nohup: ignoring input

  .   ____          _            __ _ _
 /\\ / ___'_ __ _ _(_)_ __  __ _ \ \ \ \
( ( )\___ | '_ | '_| | '_ \/ _` | \ \ \ \
 \\/  ___)| |_)| | | | | || (_| |  ) ) ) )
  '  |____| .__|_| |_|_| |_\__, | / / / /
 =========|_|==============|___/=/_/_/_/
 :: Spring Boot ::                (v2.6.3)

2022-02-12 09:41:52.950  INFO 5253 --- [           main] c.a.s.StudentServerApplication           : Starting StudentServerApplication v0.0.1-SNAPSHOT using Java 17.0.2 on iZuf694tmueqwc1qv0nwwdZ with PID 5253 (/root/studentms/StudentManageSystem/student_server/student_server.jar started by root in /root/studentms/StudentManageSystem/student_server)
2022-02-12 09:41:52.957  INFO 5253 --- [           main] c.a.s.StudentServerApplication           : No active profile set, falling back to default profiles: default
2022-02-12 09:41:56.806  INFO 5253 --- [           main] o.s.b.w.embedded.tomcat.TomcatWebServer  : Tomcat initialized with port(s): 10086 (http)
2022-02-12 09:41:56.837  INFO 5253 --- [           main] o.apache.catalina.core.StandardService   : Starting service [Tomcat]
2022-02-12 09:41:56.838  INFO 5253 --- [           main] org.apache.catalina.core.StandardEngine  : Starting Servlet engine: [Apache Tomcat/9.0.56]
2022-02-12 09:41:57.027  INFO 5253 --- [           main] o.a.c.c.C.[Tomcat].[localhost].[/]       : Initializing Spring embedded WebApplicationContext
2022-02-12 09:41:57.028  INFO 5253 --- [           main] w.s.c.ServletWebServerApplicationContext : Root WebApplicationContext: initialization completed in 3832 ms
2022-02-12 09:41:58.976  INFO 5253 --- [           main] o.s.b.w.embedded.tomcat.TomcatWebServer  : Tomcat started on port(s): 10086 (http) with context path ''
2022-02-12 09:41:58.997  INFO 5253 --- [           main] c.a.s.StudentServerApplication           : Started StudentServerApplication in 7.652 seconds (JVM running for 8.556)
2022-02-12 09:42:09.918  INFO 5253 --- [io-10086-exec-1] o.a.c.c.C.[Tomcat].[localhost].[/]       : Initializing Spring DispatcherServlet 'dispatcherServlet'
2022-02-12 09:42:09.918  INFO 5253 --- [io-10086-exec-1] o.s.web.servlet.DispatcherServlet        : Initializing Servlet 'dispatcherServlet'
2022-02-12 09:42:09.920  INFO 5253 --- [io-10086-exec-1] o.s.web.servlet.DispatcherServlet        : Completed initialization in 1 ms
正在查询学生信息 By id 6
2022-02-12 09:42:40.252  INFO 5253 --- [io-10086-exec-9] com.zaxxer.hikari.HikariDataSource       : HikariPool-1 - Starting...
2022-02-12 09:42:41.420  INFO 5253 --- [io-10086-exec-9] com.zaxxer.hikari.HikariDataSource       : HikariPool-1 - Start completed.
